[2026-07-02 22:00:55:055] [[32minfo[39m]: [32mPOST /api/auth/register - IP: ::1[39m
[2026-07-02 22:01:03:13] [[32minfo[39m]: [32mGET /api/auth/verify-email?token=3f32260088478ac8eb98d89ca5bca154162a186a - IP: ::1[39m
[2026-07-02 22:01:20:120] [[32minfo[39m]: [32mPOST /api/auth/login - IP: ::1[39m
[2026-07-02 22:01:20:120] [[32minfo[39m]: [32mGET /api/analyze/history - IP: ::1[39m
[2026-07-02 22:01:20:120] [[32minfo[39m]: [32mGET /api/analyze/history - IP: ::1[39m
[2026-07-02 22:01:58:158] [[32minfo[39m]: [32mPOST /api/analyze - IP: ::1[39m
[2026-07-02 22:01:58:158] [[32minfo[39m]: [32mStarting upload process for file: SACHIN SINGH UPDATED RESUME.pdf by User: 6a46923fdbcbd384dccebeab[39m
[2026-07-02 22:01:59:159] [[32minfo[39m]: [32mSplit document into 1 chunks.[39m
[2026-07-02 22:02:01:21] [[32minfo[39m]: [32mUpserted vectors to Pinecone for Doc: 6a46927edbcbd384dccebeb8[39m
[2026-07-02 22:02:04:24] [[32minfo[39m]: [32mSuccessfully completed document analysis for Doc ID: 6a46927edbcbd384dccebeb8[39m
[2026-07-02 22:02:04:24] [[32minfo[39m]: [32mGET /api/analyze/6a469284dbcbd384dccebeba - IP: ::1[39m
[2026-07-02 22:02:04:24] [[32minfo[39m]: [32mGET /api/analyze/6a469284dbcbd384dccebeba - IP: ::1[39m
[2026-07-02 22:02:57:257] [[32minfo[39m]: [32mGET /api/analyze/history - IP: ::1[39m
[2026-07-02 22:02:57:257] [[32minfo[39m]: [32mGET /api/analyze/history - IP: ::1[39m
[2026-07-02 22:02:57:257] [[32minfo[39m]: [32mGET /api/chat/6a46927edbcbd384dccebeb8 - IP: ::1[39m
[2026-07-02 22:02:57:257] [[32minfo[39m]: [32mGET /api/chat/6a46927edbcbd384dccebeb8 - IP: ::1[39m
[2026-07-02 22:03:15:315] [[32minfo[39m]: [32mPOST /api/chat/6a46927edbcbd384dccebeb8 - IP: ::1[39m
[2026-07-02 22:03:15:315] [[32minfo[39m]: [32mRAG Query for Doc: 6a46927edbcbd384dccebeb8, Question: "how much ats score will i get for this resume"[39m
[2026-07-02 22:03:47:347] [[32minfo[39m]: [32mGET /api/analyze/history - IP: ::1[39m
[2026-07-02 22:03:47:347] [[32minfo[39m]: [32mGET /api/analyze/history - IP: ::1[39m
[2026-07-02 22:07:54:754] [[32minfo[39m]: [32mPOST /api/analyze - IP: ::1[39m
[2026-07-02 22:07:54:754] [[32minfo[39m]: [32mStarting upload process for file: pages-29-deed-sample.pdf by User: 6a46923fdbcbd384dccebeab[39m
[2026-07-02 22:07:55:755] [[32minfo[39m]: [32mSplit document into 43 chunks.[39m
[2026-07-02 22:08:09:89] [[32minfo[39m]: [32mUpserted vectors to Pinecone for Doc: 6a4693e2dbcbd384dccebee3[39m
[2026-07-02 22:08:11:811] [[32minfo[39m]: [32mSuccessfully completed document analysis for Doc ID: 6a4693e2dbcbd384dccebee3[39m
[2026-07-02 22:08:11:811] [[32minfo[39m]: [32mGET /api/analyze/6a4693f3dbcbd384dccebee5 - IP: ::1[39m
[2026-07-02 22:08:11:811] [[32minfo[39m]: [32mGET /api/analyze/6a4693f3dbcbd384dccebee5 - IP: ::1[39m
[2026-07-02 22:09:05:95] [[32minfo[39m]: [32mGET /api/analyze/history - IP: ::1[39m
[2026-07-02 22:09:05:95] [[32minfo[39m]: [32mGET /api/analyze/history - IP: ::1[39m
[2026-07-02 22:09:05:95] [[32minfo[39m]: [32mGET /api/whatif/history/6a4693e2dbcbd384dccebee3 - IP: ::1[39m
[2026-07-02 22:09:05:95] [[32minfo[39m]: [32mGET /api/whatif/history/6a4693e2dbcbd384dccebee3 - IP: ::1[39m
[2026-07-02 22:09:22:922] [[32minfo[39m]: [32mPOST /api/whatif - IP: ::1[39m
[2026-07-02 22:09:22:922] [[32minfo[39m]: [32mRunning simulation retrieval for Doc: 6a4693e2dbcbd384dccebee3 with terms: "payment amount 500000"[39m
[2026-07-02 22:09:25:925] [[32minfo[39m]: [32mGET /api/whatif/history/6a4693e2dbcbd384dccebee3 - IP: ::1[39m
[2026-07-02 22:09:49:949] [[32minfo[39m]: [32mGET /api/analyze/history - IP: ::1[39m
[2026-07-02 22:09:50:950] [[32minfo[39m]: [32mGET /api/analyze/history - IP: ::1[39m
[2026-07-02 22:10:19:1019] [[32minfo[39m]: [32mGET /api/analyze/history - IP: ::1[39m
[2026-07-02 22:10:19:1019] [[32minfo[39m]: [32mGET /api/analyze/history - IP: ::1[39m
[2026-07-02 22:10:21:1021] [[32minfo[39m]: [32mGET /api/analyze/history - IP: ::1[39m
[2026-07-02 22:10:21:1021] [[32minfo[39m]: [32mGET /api/analyze/history - IP: ::1[39m
[2026-07-02 22:10:21:1021] [[32minfo[39m]: [32mGET /api/whatif/history/6a4693e2dbcbd384dccebee3 - IP: ::1[39m
[2026-07-02 22:10:21:1021] [[32minfo[39m]: [32mGET /api/whatif/history/6a4693e2dbcbd384dccebee3 - IP: ::1[39m
[2026-07-02 22:10:30:1030] [[32minfo[39m]: [32mGET /api/analyze/history - IP: ::1[39m
[2026-07-02 22:10:30:1030] [[32minfo[39m]: [32mGET /api/analyze/history - IP: ::1[39m
[2026-07-02 22:10:30:1030] [[32minfo[39m]: [32mGET /api/whatif/history/6a4693e2dbcbd384dccebee3 - IP: ::1[39m
[2026-07-02 22:10:30:1030] [[32minfo[39m]: [32mGET /api/whatif/history/6a4693e2dbcbd384dccebee3 - IP: ::1[39m
[2026-07-02 22:10:31:1031] [[32minfo[39m]: [32mGET /api/analyze/6a4693f3dbcbd384dccebee5 - IP: ::1[39m
[2026-07-02 22:10:31:1031] [[32minfo[39m]: [32mGET /api/analyze/6a4693f3dbcbd384dccebee5 - IP: ::1[39m
[2026-07-02 22:21:50:2150] [[32minfo[39m]: [32mPOST /api/analyze - IP: ::1[39m
[2026-07-02 22:21:51:2151] [[32minfo[39m]: [32mPOST /api/auth/refresh - IP: ::1[39m
[2026-07-02 22:25:16:2516] [[32minfo[39m]: [32mPOST /api/analyze - IP: ::1[39m
[2026-07-02 22:25:16:2516] [[32minfo[39m]: [32mStarting upload process for file: SACHIN SINGH UPDATED RESUME.pdf by User: 6a46923fdbcbd384dccebeab[39m
[2026-07-02 22:25:16:2516] [[32minfo[39m]: [32mSplit document into 1 chunks.[39m
[2026-07-02 22:25:17:2517] [[32minfo[39m]: [32mUpserted vectors to Pinecone for Doc: 6a4697f4f83f7ef6a4436251[39m
[2026-07-02 22:25:19:2519] [[32minfo[39m]: [32mSuccessfully completed document analysis for Doc ID: 6a4697f4f83f7ef6a4436251[39m
[2026-07-02 22:25:19:2519] [[32minfo[39m]: [32mGET /api/analyze/6a4697f7f83f7ef6a4436253 - IP: ::1[39m
[2026-07-02 22:25:19:2519] [[32minfo[39m]: [32mGET /api/analyze/6a4697f7f83f7ef6a4436253 - IP: ::1[39m
[2026-07-02 22:26:21:2621] [[32minfo[39m]: [32mPOST /api/translation/6a4697f7f83f7ef6a4436253 - IP: ::1[39m
[2026-07-02 22:26:21:2621] [[32minfo[39m]: [32mTranslating analysis: 6a4697f7f83f7ef6a4436253 to language: hi[39m
[2026-07-02 22:30:15:3015] [[32minfo[39m]: [32mPOST /api/translation/6a4697f7f83f7ef6a4436253 - IP: ::1[39m
[2026-07-02 22:30:15:3015] [[32minfo[39m]: [32mTranslating analysis: 6a4697f7f83f7ef6a4436253 to language: en[39m
[2026-07-02 22:30:19:3019] [[32minfo[39m]: [32mPOST /api/translation/6a4697f7f83f7ef6a4436253 - IP: ::1[39m
[2026-07-02 22:30:19:3019] [[32minfo[39m]: [32mServing cached hi translation for analysis: 6a4697f7f83f7ef6a4436253[39m
[2026-07-02 22:30:22:3022] [[32minfo[39m]: [32mGET /api/analyze/history - IP: ::1[39m
[2026-07-02 22:30:22:3022] [[32minfo[39m]: [32mGET /api/analyze/history - IP: ::1[39m
[2026-07-02 22:30:22:3022] [[32minfo[39m]: [32mGET /api/chat/6a4697f4f83f7ef6a4436251 - IP: ::1[39m
[2026-07-02 22:30:22:3022] [[32minfo[39m]: [32mGET /api/chat/6a4697f4f83f7ef6a4436251 - IP: ::1[39m
[2026-07-02 22:30:34:3034] [[32minfo[39m]: [32mPOST /api/chat/6a4697f4f83f7ef6a4436251 - IP: ::1[39m
[2026-07-02 22:30:34:3034] [[32minfo[39m]: [32mRAG Query for Doc: 6a4697f4f83f7ef6a4436251, Question: "give ats score"[39m
[2026-07-02 22:30:55:3055] [[32minfo[39m]: [32mGET /api/analyze/history - IP: ::1[39m
[2026-07-02 22:30:56:3056] [[32minfo[39m]: [32mGET /api/analyze/history - IP: ::1[39m
[2026-07-02 22:31:05:315] [[32minfo[39m]: [32mGET /api/analyze/6a4697f7f83f7ef6a4436253 - IP: ::1[39m
[2026-07-02 22:31:05:315] [[32minfo[39m]: [32mGET /api/analyze/6a4697f7f83f7ef6a4436253 - IP: ::1[39m
[2026-07-02 22:36:38:3638] [[32minfo[39m]: [32mGET /api/analyze/6a4697f7f83f7ef6a4436253 - IP: ::1[39m
[2026-07-02 22:37:22:3722] [[32minfo[39m]: [32mGET /api/analyze/6a4697f7f83f7ef6a4436253 - IP: ::1[39m
[2026-07-02 22:37:22:3722] [[32minfo[39m]: [32mGET /api/analyze/6a4697f7f83f7ef6a4436253 - IP: ::1[39m
[2026-07-02 22:37:22:3722] [[32minfo[39m]: [32mPOST /api/auth/refresh - IP: ::1[39m
[2026-07-02 22:37:22:3722] [[32minfo[39m]: [32mGET /api/analyze/6a4697f7f83f7ef6a4436253 - IP: ::1[39m
[2026-07-02 22:37:25:3725] [[32minfo[39m]: [32mGET /api/analyze/history - IP: ::1[39m
[2026-07-02 22:37:25:3725] [[32minfo[39m]: [32mGET /api/analyze/history - IP: ::1[39m
[2026-07-02 22:37:44:3744] [[32minfo[39m]: [32mPOST /api/analyze - IP: ::1[39m
[2026-07-02 22:37:44:3744] [[32minfo[39m]: [32mStarting upload process for file: SACHIN SINGH UPDATED RESUME.pdf by User: 6a46923fdbcbd384dccebeab[39m
[2026-07-02 22:37:45:3745] [[32minfo[39m]: [32mSplit document into 1 chunks.[39m
[2026-07-02 22:37:46:3746] [[32minfo[39m]: [32mUpserted vectors to Pinecone for Doc: 6a469ae0efc798204797144c[39m
[2026-07-02 22:37:48:3748] [[32minfo[39m]: [32mSuccessfully completed document analysis for Doc ID: 6a469ae0efc798204797144c[39m
[2026-07-02 22:37:48:3748] [[32minfo[39m]: [32mGET /api/analyze/6a469ae4efc798204797144e - IP: ::1[39m
[2026-07-02 22:37:48:3748] [[32minfo[39m]: [32mGET /api/analyze/6a469ae4efc798204797144e - IP: ::1[39m
[2026-07-02 22:38:18:3818] [[32minfo[39m]: [32mGET /api/analyze/history - IP: ::1[39m
[2026-07-02 22:38:18:3818] [[32minfo[39m]: [32mGET /api/analyze/history - IP: ::1[39m
[2026-07-02 22:38:18:3818] [[32minfo[39m]: [32mGET /api/chat/6a469ae0efc798204797144c - IP: ::1[39m
[2026-07-02 22:38:18:3818] [[32minfo[39m]: [32mGET /api/chat/6a469ae0efc798204797144c - IP: ::1[39m
[2026-07-02 22:38:29:3829] [[32minfo[39m]: [32mPOST /api/chat/6a469ae0efc798204797144c - IP: ::1[39m
[2026-07-02 22:38:29:3829] [[32minfo[39m]: [32mRAG Query for Doc: 6a469ae0efc798204797144c, Question: "give ats score for this resume"[39m
[2026-07-02 22:38:49:3849] [[32minfo[39m]: [32mPOST /api/chat/6a469ae0efc798204797144c - IP: ::1[39m
[2026-07-02 22:38:49:3849] [[32minfo[39m]: [32mRAG Query for Doc: 6a469ae0efc798204797144c, Question: "show all skills mentioned here"[39m
[2026-07-02 22:41:18:4118] [[32minfo[39m]: [32mGET /api/analyze/history - IP: ::1[39m
[2026-07-02 22:41:18:4118] [[32minfo[39m]: [32mGET /api/analyze/history - IP: ::1[39m
[2026-07-02 22:41:18:4118] [[32minfo[39m]: [32mGET /api/chat/6a469ae0efc798204797144c - IP: ::1[39m
[2026-07-02 22:41:18:4118] [[32minfo[39m]: [32mGET /api/chat/6a469ae0efc798204797144c - IP: ::1[39m
[2026-07-02 22:41:22:4122] [[32minfo[39m]: [32mGET /api/analyze/history - IP: ::1[39m
[2026-07-02 22:41:22:4122] [[32minfo[39m]: [32mGET /api/analyze/history - IP: ::1[39m
[2026-07-02 22:41:26:4126] [[32minfo[39m]: [32mGET /api/analyze/6a469ae4efc798204797144e - IP: ::1[39m
[2026-07-02 22:41:26:4126] [[32minfo[39m]: [32mGET /api/analyze/6a469ae4efc798204797144e - IP: ::1[39m
[2026-07-02 22:41:40:4140] [[32minfo[39m]: [32mGET /api/analyze/history - IP: ::1[39m
[2026-07-02 22:41:40:4140] [[32minfo[39m]: [32mGET /api/analyze/history - IP: ::1[39m
[2026-07-02 22:41:44:4144] [[32minfo[39m]: [32mGET /api/analyze/6a469284dbcbd384dccebeba - IP: ::1[39m
[2026-07-02 22:41:44:4144] [[32minfo[39m]: [32mGET /api/analyze/6a469284dbcbd384dccebeba - IP: ::1[39m
[2026-07-02 22:41:52:4152] [[32minfo[39m]: [32mGET /api/analyze/history - IP: ::1[39m
[2026-07-02 22:41:52:4152] [[32minfo[39m]: [32mGET /api/analyze/history - IP: ::1[39m
[2026-07-02 22:41:52:4152] [[32minfo[39m]: [32mGET /api/chat/6a46927edbcbd384dccebeb8 - IP: ::1[39m
[2026-07-02 22:41:52:4152] [[32minfo[39m]: [32mGET /api/chat/6a46927edbcbd384dccebeb8 - IP: ::1[39m
[2026-07-02 22:42:01:421] [[32minfo[39m]: [32mPOST /api/chat/6a46927edbcbd384dccebeb8 - IP: ::1[39m
[2026-07-02 22:42:01:421] [[32minfo[39m]: [32mRAG Query for Doc: 6a46927edbcbd384dccebeb8, Question: "show my skills"[39m
[2026-07-02 22:51:29:5129] [[32minfo[39m]: [32mPOST /api/auth/login - IP: ::1[39m
[2026-07-02 22:51:33:5133] [[32minfo[39m]: [32mPOST /api/auth/login - IP: ::1[39m
[2026-07-02 22:51:34:5134] [[32minfo[39m]: [32mGET /api/analyze/history - IP: ::1[39m
[2026-07-02 22:51:34:5134] [[32minfo[39m]: [32mGET /api/analyze/history - IP: ::1[39m
[2026-07-02 22:52:08:528] [[32minfo[39m]: [32mPOST /api/analyze - IP: ::1[39m
[2026-07-02 22:52:08:528] [[32minfo[39m]: [32mStarting upload process for file: SACHIN SINGH UPDATED RESUME.pdf by User: 6a46923fdbcbd384dccebeab[39m
[2026-07-02 22:52:08:528] [[32minfo[39m]: [32mSplit document into 1 chunks.[39m
[2026-07-02 22:52:09:529] [[32minfo[39m]: [32mUpserted vectors to Pinecone for Doc: 6a469e402581c84374a19913[39m
[2026-07-02 22:52:10:5210] [[32minfo[39m]: [32mSuccessfully completed document analysis for Doc ID: 6a469e402581c84374a19913[39m
[2026-07-02 22:52:10:5210] [[32minfo[39m]: [32mGET /api/analyze/6a469e422581c84374a19915 - IP: ::1[39m
[2026-07-02 22:52:10:5210] [[32minfo[39m]: [32mGET /api/analyze/6a469e422581c84374a19915 - IP: ::1[39m
[2026-07-02 22:52:26:5226] [[32minfo[39m]: [32mGET /api/analyze/history - IP: ::1[39m
[2026-07-02 22:52:26:5226] [[32minfo[39m]: [32mGET /api/analyze/history - IP: ::1[39m
[2026-07-02 22:52:26:5226] [[32minfo[39m]: [32mGET /api/chat/6a469e402581c84374a19913 - IP: ::1[39m
[2026-07-02 22:52:26:5226] [[32minfo[39m]: [32mGET /api/chat/6a469e402581c84374a19913 - IP: ::1[39m
[2026-07-02 22:52:33:5233] [[32minfo[39m]: [32mPOST /api/chat/6a469e402581c84374a19913 - IP: ::1[39m
[2026-07-02 22:52:47:5247] [[32minfo[39m]: [32mPOST /api/chat/6a469e402581c84374a19913 - IP: ::1[39m
[2026-07-02 22:58:24:5824] [[32minfo[39m]: [32mGET /api/analyze/history - IP: ::1[39m
[2026-07-02 22:58:24:5824] [[32minfo[39m]: [32mGET /api/analyze/history - IP: ::1[39m
[2026-07-02 22:58:24:5824] [[32minfo[39m]: [32mGET /api/chat/6a469e402581c84374a19913 - IP: ::1[39m
[2026-07-02 22:58:24:5824] [[32minfo[39m]: [32mGET /api/chat/6a469e402581c84374a19913 - IP: ::1[39m
[2026-07-02 22:58:33:5833] [[32minfo[39m]: [32mPOST /api/chat/6a469e402581c84374a19913 - IP: ::1[39m
[2026-07-02 22:59:21:5921] [[32minfo[39m]: [32mGET /api/analyze/history - IP: ::1[39m
[2026-07-02 22:59:21:5921] [[32minfo[39m]: [32mGET /api/analyze/history - IP: ::1[39m
[2026-07-02 22:59:23:5923] [[32minfo[39m]: [32mGET /api/analyze/6a4697f7f83f7ef6a4436253 - IP: ::1[39m
[2026-07-02 22:59:23:5923] [[32minfo[39m]: [32mGET /api/analyze/6a4697f7f83f7ef6a4436253 - IP: ::1[39m
[2026-07-02 22:59:26:5926] [[32minfo[39m]: [32mGET /api/analyze/history - IP: ::1[39m
[2026-07-02 22:59:26:5926] [[32minfo[39m]: [32mGET /api/analyze/history - IP: ::1[39m
[2026-07-02 22:59:26:5926] [[32minfo[39m]: [32mGET /api/chat/6a4697f4f83f7ef6a4436251 - IP: ::1[39m
[2026-07-02 22:59:26:5926] [[32minfo[39m]: [32mGET /api/chat/6a4697f4f83f7ef6a4436251 - IP: ::1[39m
[2026-07-02 22:59:36:5936] [[32minfo[39m]: [32mPOST /api/chat/6a4697f4f83f7ef6a4436251 - IP: ::1[39m
[2026-07-02 22:59:36:5936] [[32minfo[39m]: [32mExtracted text missing. Falling back to RAG retrieval for Doc: 6a4697f4f83f7ef6a4436251[39m
[2026-07-02 22:59:46:5946] [[32minfo[39m]: [32mGET /api/analyze/history - IP: ::1[39m
[2026-07-02 22:59:46:5946] [[32minfo[39m]: [32mGET /api/analyze/history - IP: ::1[39m
[2026-07-02 22:59:51:5951] [[32minfo[39m]: [32mDELETE /api/analyze/document/6a469e402581c84374a19913 - IP: ::1[39m
[2026-07-02 22:59:51:5951] [[32minfo[39m]: [32mGET /api/analyze/history - IP: ::1[39m
[2026-07-02 22:59:54:5954] [[32minfo[39m]: [32mDELETE /api/analyze/document/6a469ae0efc798204797144c - IP: ::1[39m
[2026-07-02 22:59:54:5954] [[32minfo[39m]: [32mGET /api/analyze/history - IP: ::1[39m
[2026-07-02 22:59:56:5956] [[32minfo[39m]: [32mDELETE /api/analyze/document/6a4697f4f83f7ef6a4436251 - IP: ::1[39m
[2026-07-02 22:59:57:5957] [[32minfo[39m]: [32mGET /api/analyze/history - IP: ::1[39m
[2026-07-02 23:00:19:019] [[32minfo[39m]: [32mPOST /api/analyze - IP: ::1[39m
[2026-07-02 23:00:19:019] [[32minfo[39m]: [32mStarting upload process for file: pages-29-deed-sample.pdf by User: 6a46923fdbcbd384dccebeab[39m
[2026-07-02 23:00:20:020] [[32minfo[39m]: [32mSplit document into 43 chunks.[39m
[2026-07-02 23:00:35:035] [[32minfo[39m]: [32mUpserted vectors to Pinecone for Doc: 6a46a02bf4d4f4a356189c91[39m
[2026-07-02 23:00:37:037] [[32minfo[39m]: [32mSuccessfully completed document analysis for Doc ID: 6a46a02bf4d4f4a356189c91[39m
[2026-07-02 23:00:37:037] [[32minfo[39m]: [32mGET /api/analyze/6a46a03df4d4f4a356189c93 - IP: ::1[39m
[2026-07-02 23:00:37:037] [[32minfo[39m]: [32mGET /api/analyze/6a46a03df4d4f4a356189c93 - IP: ::1[39m
[2026-07-02 23:01:25:125] [[32minfo[39m]: [32mPOST /api/translation/6a46a03df4d4f4a356189c93 - IP: ::1[39m
[2026-07-02 23:01:25:125] [[32minfo[39m]: [32mTranslating analysis: 6a46a03df4d4f4a356189c93 to language: hi[39m
[2026-07-02 23:01:28:128] [[32minfo[39m]: [32mPOST /api/translation/6a46a03df4d4f4a356189c93 - IP: ::1[39m
[2026-07-02 23:01:28:128] [[32minfo[39m]: [32mTranslating analysis: 6a46a03df4d4f4a356189c93 to language: en[39m
[2026-07-02 23:01:30:130] [[32minfo[39m]: [32mGET /api/analyze/history - IP: ::1[39m
[2026-07-02 23:01:30:130] [[32minfo[39m]: [32mGET /api/analyze/history - IP: ::1[39m
[2026-07-02 23:01:30:130] [[32minfo[39m]: [32mGET /api/chat/6a46a02bf4d4f4a356189c91 - IP: ::1[39m
[2026-07-02 23:01:30:130] [[32minfo[39m]: [32mGET /api/chat/6a46a02bf4d4f4a356189c91 - IP: ::1[39m
[2026-07-02 23:01:33:133] [[32minfo[39m]: [32mPOST /api/chat/6a46a02bf4d4f4a356189c91 - IP: ::1[39m
[2026-07-02 23:01:49:149] [[32minfo[39m]: [32mPOST /api/chat/6a46a02bf4d4f4a356189c91 - IP: ::1[39m
[2026-07-02 23:02:18:218] [[32minfo[39m]: [32mGET /api/analyze/history - IP: ::1[39m
[2026-07-02 23:02:18:218] [[32minfo[39m]: [32mGET /api/analyze/history - IP: ::1[39m
[2026-07-02 23:02:22:222] [[32minfo[39m]: [32mGET /api/analyze/6a46a03df4d4f4a356189c93 - IP: ::1[39m
[2026-07-02 23:02:22:222] [[32minfo[39m]: [32mGET /api/analyze/6a46a03df4d4f4a356189c93 - IP: ::1[39m
[2026-07-02 23:02:28:228] [[32minfo[39m]: [32mGET /api/analyze/history - IP: ::1[39m
[2026-07-02 23:02:28:228] [[32minfo[39m]: [32mGET /api/analyze/history - IP: ::1[39m
[2026-07-02 23:02:28:228] [[32minfo[39m]: [32mGET /api/chat/6a46a02bf4d4f4a356189c91 - IP: ::1[39m
[2026-07-02 23:02:28:228] [[32minfo[39m]: [32mGET /api/chat/6a46a02bf4d4f4a356189c91 - IP: ::1[39m
[2026-07-02 23:12:44:1244] [[32minfo[39m]: [32mPOST /api/auth/login - IP: ::1[39m
[2026-07-02 23:12:45:1245] [[32minfo[39m]: [32mGET /api/analyze/history - IP: ::1[39m
[2026-07-02 23:12:45:1245] [[32minfo[39m]: [32mGET /api/analyze/history - IP: ::1[39m
[2026-07-02 23:12:50:1250] [[32minfo[39m]: [32mDELETE /api/analyze/document/6a46a02bf4d4f4a356189c91 - IP: ::1[39m
[2026-07-02 23:12:51:1251] [[32minfo[39m]: [32mGET /api/analyze/history - IP: ::1[39m
[2026-07-02 23:12:53:1253] [[32minfo[39m]: [32mDELETE /api/analyze/document/6a4693e2dbcbd384dccebee3 - IP: ::1[39m
[2026-07-02 23:12:54:1254] [[32minfo[39m]: [32mGET /api/analyze/history - IP: ::1[39m
[2026-07-02 23:12:56:1256] [[32minfo[39m]: [32mDELETE /api/analyze/document/6a46927edbcbd384dccebeb8 - IP: ::1[39m
[2026-07-02 23:12:57:1257] [[32minfo[39m]: [32mGET /api/analyze/history - IP: ::1[39m
[2026-07-02 23:13:08:138] [[32minfo[39m]: [32mPOST /api/analyze - IP: ::1[39m
[2026-07-02 23:13:08:138] [[32minfo[39m]: [32mStarting upload process for file: pages-29-deed-sample.pdf by User: 6a46923fdbcbd384dccebeab[39m
[2026-07-02 23:13:09:139] [[32minfo[39m]: [32mSplit document into 43 chunks.[39m
[2026-07-02 23:13:26:1326] [[32minfo[39m]: [32mUpserted vectors to Pinecone for Doc: 6a46a32cdf512dcbdb86e95d[39m
[2026-07-02 23:13:29:1329] [[32minfo[39m]: [32mSuccessfully completed document analysis for Doc ID: 6a46a32cdf512dcbdb86e95d[39m
[2026-07-02 23:13:29:1329] [[32minfo[39m]: [32mGET /api/analyze/6a46a341df512dcbdb86e95f - IP: ::1[39m
[2026-07-02 23:13:29:1329] [[32minfo[39m]: [32mGET /api/analyze/6a46a341df512dcbdb86e95f - IP: ::1[39m
[2026-07-02 23:13:58:1358] [[32minfo[39m]: [32mGET /api/analyze/history - IP: ::1[39m
[2026-07-02 23:13:58:1358] [[32minfo[39m]: [32mGET /api/analyze/history - IP: ::1[39m
[2026-07-02 23:13:58:1358] [[32minfo[39m]: [32mGET /api/chat/6a46a32cdf512dcbdb86e95d - IP: ::1[39m
[2026-07-02 23:13:58:1358] [[32minfo[39m]: [32mGET /api/chat/6a46a32cdf512dcbdb86e95d - IP: ::1[39m
[2026-07-02 23:14:00:140] [[32minfo[39m]: [32mPOST /api/chat/6a46a32cdf512dcbdb86e95d - IP: ::1[39m
[2026-07-02 23:14:22:1422] [[32minfo[39m]: [32mPOST /api/chat/6a46a32cdf512dcbdb86e95d - IP: ::1[39m
[2026-07-02 23:14:30:1430] [[32minfo[39m]: [32mGET /api/analyze/history - IP: ::1[39m
[2026-07-02 23:14:30:1430] [[32minfo[39m]: [32mGET /api/analyze/history - IP: ::1[39m
[2026-07-02 23:14:32:1432] [[32minfo[39m]: [32mGET /api/analyze/6a46a341df512dcbdb86e95f - IP: ::1[39m
[2026-07-02 23:14:32:1432] [[32minfo[39m]: [32mGET /api/analyze/6a46a341df512dcbdb86e95f - IP: ::1[39m
[2026-07-02 23:20:12:2012] [[32minfo[39m]: [32mPOST /api/auth/login - IP: ::1[39m
[2026-07-02 23:20:12:2012] [[32minfo[39m]: [32mGET /api/analyze/history - IP: ::1[39m
[2026-07-02 23:20:12:2012] [[32minfo[39m]: [32mGET /api/analyze/history - IP: ::1[39m
[2026-07-02 23:20:31:2031] [[32minfo[39m]: [32mPOST /api/analyze - IP: ::1[39m
[2026-07-02 23:20:31:2031] [[32minfo[39m]: [32mStarting upload process for file: pages-29-deed-sample.pdf by User: 6a46923fdbcbd384dccebeab[39m
[2026-07-02 23:20:32:2032] [[32minfo[39m]: [32mSplit document into 43 chunks.[39m
[2026-07-02 23:20:48:2048] [[32minfo[39m]: [32mUpserted vectors to Pinecone for Doc: 6a46a4e73b5c75fa1373d32a[39m
[2026-07-02 23:20:50:2050] [[32minfo[39m]: [32mSuccessfully completed document analysis for Doc ID: 6a46a4e73b5c75fa1373d32a[39m
[2026-07-02 23:20:50:2050] [[32minfo[39m]: [32mGET /api/analyze/6a46a4fa3b5c75fa1373d32c - IP: ::1[39m
[2026-07-02 23:20:50:2050] [[32minfo[39m]: [32mGET /api/analyze/6a46a4fa3b5c75fa1373d32c - IP: ::1[39m
[2026-07-02 23:20:55:2055] [[32minfo[39m]: [32mGET /api/analyze/history - IP: ::1[39m
[2026-07-02 23:20:55:2055] [[32minfo[39m]: [32mGET /api/analyze/history - IP: ::1[39m
[2026-07-02 23:20:55:2055] [[32minfo[39m]: [32mGET /api/chat/6a46a4e73b5c75fa1373d32a - IP: ::1[39m
[2026-07-02 23:20:55:2055] [[32minfo[39m]: [32mGET /api/chat/6a46a4e73b5c75fa1373d32a - IP: ::1[39m
[2026-07-02 23:21:00:210] [[32minfo[39m]: [32mPOST /api/chat/6a46a4e73b5c75fa1373d32a - IP: ::1[39m
[2026-07-02 23:21:13:2113] [[32minfo[39m]: [32mPOST /api/chat/6a46a4e73b5c75fa1373d32a - IP: ::1[39m
[2026-07-02 23:21:21:2121] [[32minfo[39m]: [32mGET /api/analyze/history - IP: ::1[39m
[2026-07-02 23:21:21:2121] [[32minfo[39m]: [32mGET /api/analyze/history - IP: ::1[39m
[2026-07-02 23:21:26:2126] [[32minfo[39m]: [32mGET /api/analyze/history - IP: ::1[39m
[2026-07-02 23:21:26:2126] [[32minfo[39m]: [32mGET /api/analyze/history - IP: ::1[39m
[2026-07-02 23:21:26:2126] [[32minfo[39m]: [32mGET /api/chat/6a46a4e73b5c75fa1373d32a - IP: ::1[39m
[2026-07-02 23:21:26:2126] [[32minfo[39m]: [32mGET /api/chat/6a46a4e73b5c75fa1373d32a - IP: ::1[39m
[2026-07-02 23:21:31:2131] [[32minfo[39m]: [32mGET /api/analyze/history - IP: ::1[39m
[2026-07-02 23:21:31:2131] [[32minfo[39m]: [32mGET /api/analyze/history - IP: ::1[39m
[2026-07-02 23:21:41:2141] [[32minfo[39m]: [32mPOST /api/auth/logout - IP: ::1[39m
[2026-07-02 23:22:22:2222] [[32minfo[39m]: [32mGET /api/analyze/history - IP: ::1[39m
[2026-07-02 23:22:22:2222] [[32minfo[39m]: [32mGET /api/analyze/history - IP: ::1[39m
[2026-07-02 23:22:25:2225] [[32minfo[39m]: [32mGET /api/analyze/6a46a4fa3b5c75fa1373d32c - IP: ::1[39m
[2026-07-02 23:22:25:2225] [[32minfo[39m]: [32mGET /api/analyze/6a46a4fa3b5c75fa1373d32c - IP: ::1[39m
[2026-07-02 23:22:27:2227] [[32minfo[39m]: [32mGET /api/analyze/history - IP: ::1[39m
[2026-07-02 23:22:27:2227] [[32minfo[39m]: [32mGET /api/analyze/history - IP: ::1[39m
[2026-07-02 23:22:27:2227] [[32minfo[39m]: [32mGET /api/chat/6a46a4e73b5c75fa1373d32a - IP: ::1[39m
[2026-07-02 23:22:27:2227] [[32minfo[39m]: [32mGET /api/chat/6a46a4e73b5c75fa1373d32a - IP: ::1[39m
[2026-07-02 23:22:32:2232] [[32minfo[39m]: [32mPOST /api/chat/6a46a4e73b5c75fa1373d32a - IP: ::1[39m
[2026-07-02 23:22:38:2238] [[32minfo[39m]: [32mGET /api/analyze/history - IP: ::1[39m
[2026-07-02 23:22:38:2238] [[32minfo[39m]: [32mGET /api/analyze/history - IP: ::1[39m
[2026-07-02 23:30:09:309] [[32minfo[39m]: [32mGET /api/analyze/history - IP: ::1[39m
[2026-07-02 23:30:09:309] [[32minfo[39m]: [32mGET /api/analyze/history - IP: ::1[39m
[2026-07-02 23:30:10:3010] [[32minfo[39m]: [32mPOST /api/auth/refresh - IP: ::1[39m
[2026-07-02 23:30:10:3010] [[32minfo[39m]: [32mPOST /api/auth/logout - IP: ::1[39m
[2026-07-02 23:30:19:3019] [[32minfo[39m]: [32mPOST /api/auth/login - IP: ::1[39m
[2026-07-02 23:30:19:3019] [[32minfo[39m]: [32mGET /api/analyze/history - IP: ::1[39m
[2026-07-02 23:30:19:3019] [[32minfo[39m]: [32mGET /api/analyze/history - IP: ::1[39m
[2026-07-02 23:30:26:3026] [[32minfo[39m]: [32mDELETE /api/analyze/document/6a46a4e73b5c75fa1373d32a - IP: ::1[39m
[2026-07-02 23:30:29:3029] [[32minfo[39m]: [32mGET /api/analyze/history - IP: ::1[39m
[2026-07-02 23:30:32:3032] [[32minfo[39m]: [32mDELETE /api/analyze/document/6a46a32cdf512dcbdb86e95d - IP: ::1[39m
[2026-07-02 23:30:33:3033] [[32minfo[39m]: [32mGET /api/analyze/history - IP: ::1[39m
[2026-07-02 23:30:54:3054] [[32minfo[39m]: [32mPOST /api/analyze - IP: ::1[39m
[2026-07-02 23:30:54:3054] [[32minfo[39m]: [32mStarting upload process for file: pages-29-deed-sample.pdf by User: 6a46923fdbcbd384dccebeab[39m
[2026-07-02 23:30:55:3055] [[32minfo[39m]: [32mSplit document into 43 chunks.[39m
[2026-07-02 23:31:16:3116] [[32minfo[39m]: [32mUpserted vectors to Pinecone for Doc: 6a46a7562c0bdaf57a1a474f[39m
[2026-07-02 23:32:32:3232] [[32minfo[39m]: [32mSuccessfully completed document analysis for Doc ID: 6a46a7562c0bdaf57a1a474f[39m
[2026-07-02 23:32:32:3232] [[32minfo[39m]: [32mGET /api/analyze/6a46a7b82c0bdaf57a1a4751 - IP: ::1[39m
[2026-07-02 23:32:32:3232] [[32minfo[39m]: [32mGET /api/analyze/6a46a7b82c0bdaf57a1a4751 - IP: ::1[39m
[2026-07-02 23:33:04:334] [[32minfo[39m]: [32mGET /api/analyze/history - IP: ::1[39m
[2026-07-02 23:33:04:334] [[32minfo[39m]: [32mGET /api/analyze/history - IP: ::1[39m
[2026-07-02 23:33:04:334] [[32minfo[39m]: [32mGET /api/chat/6a46a7562c0bdaf57a1a474f - IP: ::1[39m
[2026-07-02 23:33:04:334] [[32minfo[39m]: [32mGET /api/chat/6a46a7562c0bdaf57a1a474f - IP: ::1[39m
[2026-07-02 23:33:06:336] [[32minfo[39m]: [32mPOST /api/chat/6a46a7562c0bdaf57a1a474f - IP: ::1[39m
[2026-07-02 23:33:50:3350] [[32minfo[39m]: [32mPOST /api/chat/6a46a7562c0bdaf57a1a474f - IP: ::1[39m
[2026-07-02 23:34:41:3441] [[32minfo[39m]: [32mPOST /api/chat/6a46a7562c0bdaf57a1a474f - IP: ::1[39m
[2026-07-02 23:35:19:3519] [[32minfo[39m]: [32mGET /api/analyze/history - IP: ::1[39m
[2026-07-02 23:35:19:3519] [[32minfo[39m]: [32mGET /api/analyze/history - IP: ::1[39m
[2026-07-02 23:35:31:3531] [[32minfo[39m]: [32mPOST /api/analyze - IP: ::1[39m
[2026-07-02 23:35:31:3531] [[32minfo[39m]: [32mStarting upload process for file: SACHIN SINGH UPDATED RESUME.pdf by User: 6a46923fdbcbd384dccebeab[39m
[2026-07-02 23:35:32:3532] [[32minfo[39m]: [32mSplit document into 1 chunks.[39m
[2026-07-02 23:35:35:3535] [[32minfo[39m]: [32mUpserted vectors to Pinecone for Doc: 6a46a86b2c0bdaf57a1a4791[39m
[2026-07-02 23:35:52:3552] [[31merror[39m]: [31mError in analysis route: Analysis validation failed: riskLevel: `Information Not Found In Document` is not a valid enum value for path `riskLevel`.[39m
[2026-07-02 23:40:26:4026] [[32minfo[39m]: [32mPOST /api/analyze - IP: ::1[39m
[2026-07-02 23:40:26:4026] [[32minfo[39m]: [32mStarting upload process for file: SACHIN SINGH UPDATED RESUME.pdf by User: 6a46923fdbcbd384dccebeab[39m
[2026-07-02 23:40:27:4027] [[32minfo[39m]: [32mSplit document into 1 chunks.[39m
[2026-07-02 23:40:32:4032] [[32minfo[39m]: [32mUpserted vectors to Pinecone for Doc: 6a46a99243ece21c08df8eb8[39m
[2026-07-02 23:40:56:4056] [[32minfo[39m]: [32mSuccessfully completed document analysis for Doc ID: 6a46a99243ece21c08df8eb8[39m
[2026-07-02 23:40:56:4056] [[32minfo[39m]: [32mGET /api/analyze/6a46a9b043ece21c08df8eba - IP: ::1[39m
[2026-07-02 23:40:56:4056] [[32minfo[39m]: [32mGET /api/analyze/6a46a9b043ece21c08df8eba - IP: ::1[39m
[2026-07-02 23:41:49:4149] [[32minfo[39m]: [32mGET /api/analyze/history - IP: ::1[39m
[2026-07-02 23:41:49:4149] [[32minfo[39m]: [32mGET /api/analyze/history - IP: ::1[39m
[2026-07-02 23:41:49:4149] [[32minfo[39m]: [32mGET /api/chat/6a46a99243ece21c08df8eb8 - IP: ::1[39m
[2026-07-02 23:41:49:4149] [[32minfo[39m]: [32mGET /api/chat/6a46a99243ece21c08df8eb8 - IP: ::1[39m
[2026-07-02 23:42:00:420] [[32minfo[39m]: [32mPOST /api/chat/6a46a99243ece21c08df8eb8 - IP: ::1[39m
[2026-07-02 23:42:23:4223] [[32minfo[39m]: [32mPOST /api/chat/6a46a99243ece21c08df8eb8 - IP: ::1[39m
[2026-07-02 23:42:44:4244] [[32minfo[39m]: [32mPOST /api/chat/6a46a99243ece21c08df8eb8 - IP: ::1[39m
[2026-07-02 23:43:44:4344] [[32minfo[39m]: [32mPOST /api/chat/6a46a99243ece21c08df8eb8 - IP: ::1[39m
[2026-07-02 23:46:59:4659] [[32minfo[39m]: [32mGET /api/analyze/history - IP: ::1[39m
[2026-07-02 23:46:59:4659] [[32minfo[39m]: [32mGET /api/analyze/history - IP: ::1[39m
[2026-07-02 23:46:59:4659] [[32minfo[39m]: [32mPOST /api/auth/refresh - IP: ::1[39m
[2026-07-02 23:46:59:4659] [[32minfo[39m]: [32mGET /api/analyze/history - IP: ::1[39m
[2026-07-02 23:46:59:4659] [[32minfo[39m]: [32mGET /api/chat/6a46a99243ece21c08df8eb8 - IP: ::1[39m
[2026-07-02 23:47:12:4712] [[32minfo[39m]: [32mPOST /api/chat/6a46a99243ece21c08df8eb8 - IP: ::1[39m
[2026-07-02 23:47:37:4737] [[32minfo[39m]: [32mGET /api/analyze/history - IP: ::1[39m
[2026-07-02 23:47:37:4737] [[32minfo[39m]: [32mGET /api/analyze/history - IP: ::1[39m
[2026-07-02 23:49:33:4933] [[32minfo[39m]: [32mPOST /api/auth/logout - IP: ::1[39m
[2026-07-02 23:50:09:509] [[32minfo[39m]: [32mPOST /api/auth/login - IP: ::1[39m
[2026-07-02 23:50:10:5010] [[32minfo[39m]: [32mGET /api/analyze/history - IP: ::1[39m
[2026-07-02 23:50:10:5010] [[32minfo[39m]: [32mGET /api/analyze/history - IP: ::1[39m
[2026-07-02 23:50:17:5017] [[32minfo[39m]: [32mDELETE /api/analyze/document/6a46a99243ece21c08df8eb8 - IP: ::1[39m
[2026-07-02 23:50:21:5021] [[32minfo[39m]: [32mGET /api/analyze/history - IP: ::1[39m
[2026-07-02 23:50:24:5024] [[32minfo[39m]: [32mDELETE /api/analyze/document/6a46a86b2c0bdaf57a1a4791 - IP: ::1[39m
[2026-07-02 23:50:24:5024] [[32minfo[39m]: [32mGET /api/analyze/history - IP: ::1[39m
[2026-07-02 23:52:29:5229] [[32minfo[39m]: [32mPOST /api/analyze - IP: ::1[39m
[2026-07-02 23:52:29:5229] [[32minfo[39m]: [32mStarting upload process for file: DG,CSE.pdf by User: 6a46923fdbcbd384dccebeab[39m
[2026-07-02 23:52:29:5229] [[32minfo[39m]: [32mSplit document into 1 chunks.[39m
[2026-07-02 23:52:33:5233] [[32minfo[39m]: [32mUpserted vectors to Pinecone for Doc: 6a46ac6570a6e4cb9a4bcb46[39m
[2026-07-02 23:53:09:539] [[32minfo[39m]: [32mSuccessfully completed document analysis for Doc ID: 6a46ac6570a6e4cb9a4bcb46[39m
[2026-07-02 23:53:09:539] [[32minfo[39m]: [32mGET /api/analyze/6a46ac8d70a6e4cb9a4bcb48 - IP: ::1[39m
[2026-07-02 23:53:09:539] [[32minfo[39m]: [32mGET /api/analyze/6a46ac8d70a6e4cb9a4bcb48 - IP: ::1[39m
[2026-07-02 23:54:22:5422] [[32minfo[39m]: [32mGET /api/analyze/history - IP: ::1[39m
[2026-07-02 23:54:22:5422] [[32minfo[39m]: [32mGET /api/analyze/history - IP: ::1[39m
[2026-07-02 23:54:22:5422] [[32minfo[39m]: [32mGET /api/chat/6a46ac6570a6e4cb9a4bcb46 - IP: ::1[39m
[2026-07-02 23:54:22:5422] [[32minfo[39m]: [32mGET /api/chat/6a46ac6570a6e4cb9a4bcb46 - IP: ::1[39m
[2026-07-02 23:54:35:5435] [[32minfo[39m]: [32mPOST /api/chat/6a46ac6570a6e4cb9a4bcb46 - IP: ::1[39m
[2026-07-02 23:55:12:5512] [[32minfo[39m]: [32mPOST /api/chat/6a46ac6570a6e4cb9a4bcb46 - IP: ::1[39m
[2026-07-02 23:55:51:5551] [[32minfo[39m]: [32mGET /api/analyze/history - IP: ::1[39m
[2026-07-02 23:55:51:5551] [[32minfo[39m]: [32mGET /api/analyze/history - IP: ::1[39m
[2026-07-02 23:56:03:563] [[32minfo[39m]: [32mDELETE /api/analyze/document/6a46ac6570a6e4cb9a4bcb46 - IP: ::1[39m
[2026-07-02 23:56:05:565] [[32minfo[39m]: [32mGET /api/analyze/history - IP: ::1[39m
[2026-07-02 23:56:16:5616] [[32minfo[39m]: [32mGET /api/analyze/history - IP: ::1[39m
[2026-07-02 23:56:16:5616] [[32minfo[39m]: [32mGET /api/analyze/history - IP: ::1[39m
[2026-07-02 23:56:54:5654] [[32minfo[39m]: [32mGET /api/analyze/history - IP: ::1[39m
[2026-07-02 23:56:54:5654] [[32minfo[39m]: [32mGET /api/analyze/history - IP: ::1[39m
[2026-07-02 23:57:14:5714] [[32minfo[39m]: [32mGET /api/analyze/history - IP: ::1[39m
[2026-07-02 23:57:14:5714] [[32minfo[39m]: [32mGET /api/analyze/history - IP: ::1[39m
[2026-07-02 23:57:14:5714] [[32minfo[39m]: [32mGET /api/chat/6a46ac6570a6e4cb9a4bcb46 - IP: ::1[39m
[2026-07-02 23:57:14:5714] [[32minfo[39m]: [32mGET /api/chat/6a46ac6570a6e4cb9a4bcb46 - IP: ::1[39m
[2026-07-02 23:57:17:5717] [[32minfo[39m]: [32mPOST /api/auth/logout - IP: ::1[39m
[2026-07-02 23:57:24:5724] [[32minfo[39m]: [32mPOST /api/auth/login - IP: ::1[39m
[2026-07-02 23:57:33:5733] [[32minfo[39m]: [32mPOST /api/auth/login - IP: ::1[39m
[2026-07-02 23:57:33:5733] [[32minfo[39m]: [32mGET /api/analyze/history - IP: ::1[39m
[2026-07-02 23:57:33:5733] [[32minfo[39m]: [32mGET /api/analyze/history - IP: ::1[39m
[2026-07-02 23:57:56:5756] [[32minfo[39m]: [32mPOST /api/analyze - IP: ::1[39m
[2026-07-02 23:57:56:5756] [[32minfo[39m]: [32mStarting upload process for file: pages-29-deed-sample.pdf by User: 6a46923fdbcbd384dccebeab[39m
[2026-07-02 23:57:57:5757] [[32minfo[39m]: [32mSplit document into 43 chunks.[39m
[2026-07-02 23:58:17:5817] [[32minfo[39m]: [32mUpserted vectors to Pinecone for Doc: 6a46adac70a6e4cb9a4bcbad[39m
[2026-07-02 23:59:09:599] [[32minfo[39m]: [32mSuccessfully completed document analysis for Doc ID: 6a46adac70a6e4cb9a4bcbad[39m
[2026-07-02 23:59:09:599] [[32minfo[39m]: [32mGET /api/analyze/6a46adf570a6e4cb9a4bcbaf - IP: ::1[39m
[2026-07-02 23:59:09:599] [[32minfo[39m]: [32mGET /api/analyze/6a46adf570a6e4cb9a4bcbaf - IP: ::1[39m
[2026-07-03 00:00:16:016] [[32minfo[39m]: [32mGET /api/analyze/history - IP: ::1[39m
[2026-07-03 00:00:16:016] [[32minfo[39m]: [32mGET /api/analyze/history - IP: ::1[39m
[2026-07-03 00:00:16:016] [[32minfo[39m]: [32mGET /api/chat/6a46adac70a6e4cb9a4bcbad - IP: ::1[39m
[2026-07-03 00:00:16:016] [[32minfo[39m]: [32mGET /api/chat/6a46adac70a6e4cb9a4bcbad - IP: ::1[39m
[2026-07-03 00:00:24:024] [[32minfo[39m]: [32mPOST /api/chat/6a46adac70a6e4cb9a4bcbad - IP: ::1[39m
[2026-07-03 00:00:45:045] [[32minfo[39m]: [32mGET /api/analyze/history - IP: ::1[39m
[2026-07-03 00:00:45:045] [[32minfo[39m]: [32mGET /api/analyze/history - IP: ::1[39m
[2026-07-03 00:00:48:048] [[32minfo[39m]: [32mPOST /api/auth/logout - IP: ::1[39m
[2026-07-03 00:01:43:143] [[32minfo[39m]: [32mGET /api/analyze/history - IP: ::1[39m
[2026-07-03 00:01:43:143] [[32minfo[39m]: [32mGET /api/analyze/history - IP: ::1[39m
[2026-07-03 00:01:48:148] [[32minfo[39m]: [32mGET /api/analyze/history - IP: ::1[39m
[2026-07-03 00:01:48:148] [[32minfo[39m]: [32mGET /api/analyze/history - IP: ::1[39m
[2026-07-03 00:01:48:148] [[32minfo[39m]: [32mGET /api/chat/6a46a32cdf512dcbdb86e95d - IP: ::1[39m
[2026-07-03 00:01:48:148] [[32minfo[39m]: [32mGET /api/chat/6a46a32cdf512dcbdb86e95d - IP: ::1[39m
[2026-07-03 00:01:49:149] [[32minfo[39m]: [32mGET /api/analyze/6a46a341df512dcbdb86e95f - IP: ::1[39m
[2026-07-03 00:01:49:149] [[32minfo[39m]: [32mGET /api/analyze/6a46a341df512dcbdb86e95f - IP: ::1[39m
[2026-07-03 00:01:51:151] [[32minfo[39m]: [32mGET /api/analyze/history - IP: ::1[39m
[2026-07-03 00:01:51:151] [[32minfo[39m]: [32mGET /api/analyze/history - IP: ::1[39m
[2026-07-03 10:27:48:2748] [[32minfo[39m]: [32mPOST /api/auth/login - IP: ::1[39m
[2026-07-03 10:34:31:3431] [[32minfo[39m]: [32mPOST /api/auth/login - IP: ::1[39m
[2026-07-03 10:34:31:3431] [[32minfo[39m]: [32mGET /api/analyze/history - IP: ::1[39m
[2026-07-03 10:34:32:3432] [[32minfo[39m]: [32mGET /api/analyze/history - IP: ::1[39m
